c:\users\elyse\source\repos\3d shapes project\debug\vc143.pdb
c:\users\elyse\source\repos\3d shapes project\debug\vc143.idb
c:\users\elyse\source\repos\3d shapes project\debug\source.obj
c:\users\elyse\source\repos\3d shapes project module 4\debug\vc143.pdb
c:\users\elyse\source\repos\3d shapes project module 4\debug\vc143.idb
c:\users\elyse\source\repos\3d shapes project module 4\debug\source.obj
c:\users\elyse\source\repos\3d shapes project module 5\debug\vc143.pdb
c:\users\elyse\source\repos\3d shapes project module 5\debug\vc143.idb
c:\users\elyse\source\repos\3d shapes project module 5\debug\source.obj
c:\users\elyse\source\repos\3d shapes project\debug\3d shapes project.exe
c:\users\elyse\source\repos\3d shapes project\debug\3d shapes project.ilk
c:\users\elyse\source\repos\3d shapes project\debug\3d shapes project.pdb
c:\users\elyse\source\repos\3d shapes project module 4\debug\3d shapes project.exe
c:\users\elyse\source\repos\3d shapes project module 4\debug\3d shapes project.ilk
c:\users\elyse\source\repos\3d shapes project module 4\debug\3d shapes project.pdb
c:\users\elyse\source\repos\3d shapes project module 5\debug\3d shapes project.exe
c:\users\elyse\source\repos\3d shapes project module 5\debug\3d shapes project.ilk
c:\users\elyse\source\repos\3d shapes project module 5\debug\3d shapes project.pdb
c:\users\elyse\source\repos\3d shapes project module 5\debug\module 3 pyramid.ilk
c:\users\elyse\source\repos\3d shapes project module 5\debug\module 3 pyramid.pdb
c:\users\elyse\source\repos\3d shapes project module 5\debug\3d shape.97b7fb21.tlog\cl.command.1.tlog
c:\users\elyse\source\repos\3d shapes project module 5\debug\3d shape.97b7fb21.tlog\cl.read.1.tlog
c:\users\elyse\source\repos\3d shapes project module 5\debug\3d shape.97b7fb21.tlog\cl.write.1.tlog
c:\users\elyse\source\repos\3d shapes project module 5\debug\3d shape.97b7fb21.tlog\link.command.1.tlog
c:\users\elyse\source\repos\3d shapes project module 5\debug\3d shape.97b7fb21.tlog\link.read.1.tlog
c:\users\elyse\source\repos\3d shapes project module 5\debug\3d shape.97b7fb21.tlog\link.write.1.tlog
